<?xml version="1.0" encoding="UTF-8"?>
<!-- Generated by org.testng.reporters.JUnitReportReporter -->
<testsuite hostname="DESKTOP-AGUS0T5" failures="0" tests="1" name="TestNg.TestA" time="0.128" errors="0" timestamp="2023-07-20T14:55:04 IST" skipped="0">
  <testcase classname="TestNg.TestA" name="profilePage" time="0.128"/>
  <system-out>
    <![CDATA[Check the profile]]>
  </system-out>
</testsuite> <!-- TestNg.TestA -->
